2025-09-09 16:11:45,432 - root - INFO Start serverless measurement!
2025-09-09 16:11:45,432 - root - INFO Master: Node(hostname='master-node', ip='192.168.17.161', interface='ens33'), Workers: [Node(hostname='cloud-node', ip='192.168.17.162', interface='ens33'), Node(hostname='edge-node', ip='192.168.17.163', interface='ens33')]
2025-09-09 16:11:45,432 - root - INFO Loading config of 'WebMeasuring'
2025-09-09 16:11:45,432 - root - INFO Sceanario: Collecting CPU/RAM usage when pod in warm status
2025-09-09 16:11:45,432 - root - INFO Replicas: 1, Repeat time: 1/1, Instance: cloud-node, CPU req: 0, Mem req: 0
2025-09-09 16:11:45,432 - root - INFO Ensuring directory exists: 'result/1_2_resource_web/cloud-node'
2025-09-09 16:11:45,433 - root - INFO File ensured: 'result/1_2_resource_web/cloud-node/x86_d9m9y2025_16h11_0cpu_0mem_rep1.csv'
2025-09-09 16:11:45,445 - root - INFO Knative Service 'measure-web' not found. Creating...
2025-09-09 16:11:45,457 - root - INFO Knative Service 'measure-web' created successfully.
2025-09-09 16:11:45,472 - root - WARNING No pods found for ksvc 'measure-web'.
2025-09-09 16:11:45,473 - root - INFO Waiting for pods to be ready ...
2025-09-09 16:11:47,494 - root - INFO All pods ready!
2025-09-09 16:12:07,495 - root - INFO Start query prometheus to get hardware information when running web service
2025-09-09 16:12:07,581 - root - INFO Collecting prometheus metrics ...
2025-09-09 16:12:07,589 - root - INFO Collecting prometheus metrics successfully!
2025-09-09 16:12:08,089 - root - INFO Collecting prometheus metrics ...
2025-09-09 16:12:08,098 - root - INFO Collecting prometheus metrics successfully!
2025-09-09 16:12:08,598 - root - INFO Collecting prometheus metrics ...
2025-09-09 16:12:08,605 - root - INFO Collecting prometheus metrics successfully!
2025-09-09 16:12:09,106 - root - INFO Collecting prometheus metrics ...
2025-09-09 16:12:09,114 - root - INFO Collecting prometheus metrics successfully!
2025-09-09 16:12:09,615 - root - INFO Collecting prometheus metrics ...
2025-09-09 16:12:09,623 - root - INFO Collecting prometheus metrics successfully!
2025-09-09 16:12:10,123 - root - INFO Collecting prometheus metrics ...
2025-09-09 16:12:10,135 - root - INFO Collecting prometheus metrics successfully!
2025-09-09 16:12:10,636 - root - INFO Collecting prometheus metrics ...
2025-09-09 16:12:10,643 - root - INFO Collecting prometheus metrics successfully!
2025-09-09 16:12:11,143 - root - INFO Collecting prometheus metrics ...
2025-09-09 16:12:11,150 - root - INFO Collecting prometheus metrics successfully!
2025-09-09 16:12:11,651 - root - INFO Collecting prometheus metrics ...
2025-09-09 16:12:11,666 - root - INFO Collecting prometheus metrics successfully!
2025-09-09 16:12:12,167 - root - INFO Collecting prometheus metrics ...
2025-09-09 16:12:12,174 - root - INFO Collecting prometheus metrics successfully!
2025-09-09 16:12:12,674 - root - INFO Collecting prometheus metrics ...
2025-09-09 16:12:12,684 - root - INFO Collecting prometheus metrics successfully!
2025-09-09 16:12:13,184 - root - INFO Collecting prometheus metrics ...
2025-09-09 16:12:13,191 - root - INFO Collecting prometheus metrics successfully!
2025-09-09 16:12:13,692 - root - INFO Collecting prometheus metrics ...
2025-09-09 16:12:13,698 - root - INFO Collecting prometheus metrics successfully!
2025-09-09 16:12:14,198 - root - INFO Collecting prometheus metrics ...
2025-09-09 16:12:14,204 - root - INFO Collecting prometheus metrics successfully!
2025-09-09 16:12:14,705 - root - INFO Collecting prometheus metrics ...
2025-09-09 16:12:14,711 - root - INFO Collecting prometheus metrics successfully!
2025-09-09 16:12:15,212 - root - INFO Collecting prometheus metrics ...
2025-09-09 16:12:15,225 - root - INFO Collecting prometheus metrics successfully!
2025-09-09 16:12:15,725 - root - INFO Collecting prometheus metrics ...
2025-09-09 16:12:15,731 - root - INFO Collecting prometheus metrics successfully!
2025-09-09 16:12:16,231 - root - INFO Collecting prometheus metrics ...
2025-09-09 16:12:16,236 - root - INFO Collecting prometheus metrics successfully!
2025-09-09 16:12:16,737 - root - INFO Collecting prometheus metrics ...
2025-09-09 16:12:16,743 - root - INFO Collecting prometheus metrics successfully!
2025-09-09 16:12:17,244 - root - INFO Collecting prometheus metrics ...
2025-09-09 16:12:17,251 - root - INFO Collecting prometheus metrics successfully!
2025-09-09 16:12:17,752 - root - INFO Collecting prometheus metrics ...
2025-09-09 16:12:17,759 - root - INFO Collecting prometheus metrics successfully!
2025-09-09 16:12:18,259 - root - INFO Collecting prometheus metrics ...
2025-09-09 16:12:18,266 - root - INFO Collecting prometheus metrics successfully!
2025-09-09 16:12:18,766 - root - INFO Collecting prometheus metrics ...
2025-09-09 16:12:18,773 - root - INFO Collecting prometheus metrics successfully!
2025-09-09 16:12:19,273 - root - INFO Collecting prometheus metrics ...
2025-09-09 16:12:19,280 - root - INFO Collecting prometheus metrics successfully!
2025-09-09 16:12:19,781 - root - INFO Collecting prometheus metrics ...
2025-09-09 16:12:19,793 - root - INFO Collecting prometheus metrics successfully!
2025-09-09 16:12:20,293 - root - INFO Collecting prometheus metrics ...
2025-09-09 16:12:20,299 - root - INFO Collecting prometheus metrics successfully!
2025-09-09 16:12:20,800 - root - INFO Collecting prometheus metrics ...
2025-09-09 16:12:20,806 - root - INFO Collecting prometheus metrics successfully!
2025-09-09 16:12:21,306 - root - INFO Collecting prometheus metrics ...
2025-09-09 16:12:21,313 - root - INFO Collecting prometheus metrics successfully!
2025-09-09 16:12:21,813 - root - INFO Collecting prometheus metrics ...
2025-09-09 16:12:21,818 - root - INFO Collecting prometheus metrics successfully!
2025-09-09 16:12:22,319 - root - INFO Collecting prometheus metrics ...
2025-09-09 16:12:22,325 - root - INFO Collecting prometheus metrics successfully!
2025-09-09 16:12:22,825 - root - INFO Collecting prometheus metrics ...
2025-09-09 16:12:22,831 - root - INFO Collecting prometheus metrics successfully!
2025-09-09 16:12:23,332 - root - INFO Collecting prometheus metrics ...
2025-09-09 16:12:23,337 - root - INFO Collecting prometheus metrics successfully!
2025-09-09 16:12:23,838 - root - INFO Collecting prometheus metrics ...
2025-09-09 16:12:23,847 - root - INFO Collecting prometheus metrics successfully!
2025-09-09 16:12:24,348 - root - INFO Collecting prometheus metrics ...
2025-09-09 16:12:24,354 - root - INFO Collecting prometheus metrics successfully!
2025-09-09 16:12:24,855 - root - INFO Collecting prometheus metrics ...
2025-09-09 16:12:24,861 - root - INFO Collecting prometheus metrics successfully!
2025-09-09 16:12:25,361 - root - INFO Collecting prometheus metrics ...
2025-09-09 16:12:25,368 - root - INFO Collecting prometheus metrics successfully!
2025-09-09 16:12:25,869 - root - INFO Collecting prometheus metrics ...
2025-09-09 16:12:25,875 - root - INFO Collecting prometheus metrics successfully!
2025-09-09 16:12:26,376 - root - INFO Collecting prometheus metrics ...
2025-09-09 16:12:26,386 - root - INFO Collecting prometheus metrics successfully!
2025-09-09 16:12:26,887 - root - INFO Collecting prometheus metrics ...
2025-09-09 16:12:26,893 - root - INFO Collecting prometheus metrics successfully!
2025-09-09 16:12:27,394 - root - INFO Collecting prometheus metrics ...
2025-09-09 16:12:27,401 - root - INFO Collecting prometheus metrics successfully!
2025-09-09 16:12:27,901 - root - INFO Collecting prometheus metrics ...
2025-09-09 16:12:27,907 - root - INFO Collecting prometheus metrics successfully!
2025-09-09 16:12:28,407 - root - INFO Collecting prometheus metrics ...
2025-09-09 16:12:28,413 - root - INFO Collecting prometheus metrics successfully!
2025-09-09 16:12:28,913 - root - INFO Collecting prometheus metrics ...
2025-09-09 16:12:28,923 - root - INFO Collecting prometheus metrics successfully!
2025-09-09 16:12:29,423 - root - INFO Collecting prometheus metrics ...
2025-09-09 16:12:29,429 - root - INFO Collecting prometheus metrics successfully!
2025-09-09 16:12:29,930 - root - INFO Collecting prometheus metrics ...
2025-09-09 16:12:29,935 - root - INFO Collecting prometheus metrics successfully!
2025-09-09 16:12:30,435 - root - INFO Collecting prometheus metrics ...
2025-09-09 16:12:30,442 - root - INFO Collecting prometheus metrics successfully!
2025-09-09 16:12:30,942 - root - INFO Collecting prometheus metrics ...
2025-09-09 16:12:30,948 - root - INFO Collecting prometheus metrics successfully!
2025-09-09 16:12:31,449 - root - INFO Collecting prometheus metrics ...
2025-09-09 16:12:31,459 - root - INFO Collecting prometheus metrics successfully!
2025-09-09 16:12:31,959 - root - INFO Collecting prometheus metrics ...
2025-09-09 16:12:31,965 - root - INFO Collecting prometheus metrics successfully!
2025-09-09 16:12:32,466 - root - INFO Collecting prometheus metrics ...
2025-09-09 16:12:32,472 - root - INFO Collecting prometheus metrics successfully!
2025-09-09 16:12:32,973 - root - INFO Collecting prometheus metrics ...
2025-09-09 16:12:32,979 - root - INFO Collecting prometheus metrics successfully!
2025-09-09 16:12:33,479 - root - INFO Collecting prometheus metrics ...
2025-09-09 16:12:33,486 - root - INFO Collecting prometheus metrics successfully!
2025-09-09 16:12:33,986 - root - INFO Collecting prometheus metrics ...
2025-09-09 16:12:33,997 - root - INFO Collecting prometheus metrics successfully!
2025-09-09 16:12:34,497 - root - INFO Collecting prometheus metrics ...
2025-09-09 16:12:34,504 - root - INFO Collecting prometheus metrics successfully!
2025-09-09 16:12:35,004 - root - INFO Collecting prometheus metrics ...
2025-09-09 16:12:35,011 - root - INFO Collecting prometheus metrics successfully!
2025-09-09 16:12:35,511 - root - INFO Collecting prometheus metrics ...
2025-09-09 16:12:35,519 - root - INFO Collecting prometheus metrics successfully!
2025-09-09 16:12:36,019 - root - INFO Collecting prometheus metrics ...
2025-09-09 16:12:36,028 - root - INFO Collecting prometheus metrics successfully!
2025-09-09 16:12:36,528 - root - INFO Collecting prometheus metrics ...
2025-09-09 16:12:36,534 - root - INFO Collecting prometheus metrics successfully!
2025-09-09 16:12:37,034 - root - INFO Collecting prometheus metrics ...
2025-09-09 16:12:37,040 - root - INFO Collecting prometheus metrics successfully!
2025-09-09 16:12:37,540 - root - INFO Start plot hardware usage of web service
2025-09-09 16:12:42,374 - root - INFO End query prometheus to get hardware information when running streaming serviced
2025-09-09 16:12:42,378 - root - INFO Attempting to delete Knative Service 'measure-web' in namespace 'serverless'...
2025-09-09 16:12:42,389 - root - INFO service.serving.knative.dev 'measure-web' deleted
2025-09-09 16:12:42,413 - root - INFO Waiting for all pods in ksvc measure-web, namespace serverless to be deleted ...
2025-09-09 16:12:44,431 - root - INFO Waiting for all pods in ksvc measure-web, namespace serverless to be deleted ...
2025-09-09 16:12:46,448 - root - INFO Waiting for all pods in ksvc measure-web, namespace serverless to be deleted ...
2025-09-09 16:12:48,467 - root - INFO Waiting for all pods in ksvc measure-web, namespace serverless to be deleted ...
2025-09-09 16:12:50,484 - root - INFO Waiting for all pods in ksvc measure-web, namespace serverless to be deleted ...
2025-09-09 16:12:52,502 - root - INFO Waiting for all pods in ksvc measure-web, namespace serverless to be deleted ...
2025-09-09 16:12:54,519 - root - INFO Waiting for all pods in ksvc measure-web, namespace serverless to be deleted ...
2025-09-09 16:12:56,536 - root - INFO Waiting for all pods in ksvc measure-web, namespace serverless to be deleted ...
2025-09-09 16:12:58,554 - root - INFO Waiting for all pods in ksvc measure-web, namespace serverless to be deleted ...
2025-09-09 16:13:00,572 - root - INFO Waiting for all pods in ksvc measure-web, namespace serverless to be deleted ...
2025-09-09 16:13:02,589 - root - INFO Waiting for all pods in ksvc measure-web, namespace serverless to be deleted ...
2025-09-09 16:13:04,606 - root - INFO Waiting for all pods in ksvc measure-web, namespace serverless to be deleted ...
2025-09-09 16:13:06,623 - root - INFO Waiting for all pods in ksvc measure-web, namespace serverless to be deleted ...
2025-09-09 16:13:08,640 - root - INFO Waiting for all pods in ksvc measure-web, namespace serverless to be deleted ...
2025-09-09 16:13:10,658 - root - INFO Waiting for all pods in ksvc measure-web, namespace serverless to be deleted ...
2025-09-09 16:13:12,678 - root - INFO Waiting for all pods in ksvc measure-web, namespace serverless to be deleted ...
2025-09-09 16:13:14,695 - root - INFO Waiting for all pods in ksvc measure-web, namespace serverless to be deleted ...
2025-09-09 16:13:16,713 - root - INFO Waiting for all pods in ksvc measure-web, namespace serverless to be deleted ...
2025-09-09 16:13:18,730 - root - INFO Waiting for all pods in ksvc measure-web, namespace serverless to be deleted ...
2025-09-09 16:13:20,748 - root - INFO Waiting for all pods in ksvc measure-web, namespace serverless to be deleted ...
2025-09-09 16:13:22,765 - root - INFO Waiting for all pods in ksvc measure-web, namespace serverless to be deleted ...
2025-09-09 16:13:24,783 - root - INFO Waiting for all pods in ksvc measure-web, namespace serverless to be deleted ...
2025-09-09 16:13:26,800 - root - INFO Waiting for all pods in ksvc measure-web, namespace serverless to be deleted ...
2025-09-09 16:13:28,817 - root - INFO Waiting for all pods in ksvc measure-web, namespace serverless to be deleted ...
2025-09-09 16:13:30,835 - root - INFO Waiting for all pods in ksvc measure-web, namespace serverless to be deleted ...
2025-09-09 16:13:32,852 - root - INFO Waiting for all pods in ksvc measure-web, namespace serverless to be deleted ...
2025-09-09 16:13:34,870 - root - INFO Waiting for all pods in ksvc measure-web, namespace serverless to be deleted ...
2025-09-09 16:13:36,887 - root - INFO Waiting for all pods in ksvc measure-web, namespace serverless to be deleted ...
2025-09-09 16:13:38,949 - root - INFO Waiting for all pods in ksvc measure-web, namespace serverless to be deleted ...
2025-09-09 16:13:40,968 - root - INFO Waiting for all pods in ksvc measure-web, namespace serverless to be deleted ...
2025-09-09 16:13:42,985 - root - INFO Waiting for all pods in ksvc measure-web, namespace serverless to be deleted ...
2025-09-09 16:13:45,004 - root - INFO Waiting for all pods in ksvc measure-web, namespace serverless to be deleted ...
2025-09-09 16:13:47,021 - root - INFO Waiting for all pods in ksvc measure-web, namespace serverless to be deleted ...
2025-09-09 16:13:49,040 - root - INFO Waiting for all pods in ksvc measure-web, namespace serverless to be deleted ...
2025-09-09 16:13:51,058 - root - INFO Waiting for all pods in ksvc measure-web, namespace serverless to be deleted ...
2025-09-09 16:13:53,076 - root - INFO Waiting for all pods in ksvc measure-web, namespace serverless to be deleted ...
2025-09-09 16:13:55,093 - root - INFO Waiting for all pods in ksvc measure-web, namespace serverless to be deleted ...
2025-09-09 16:13:57,111 - root - INFO Waiting for all pods in ksvc measure-web, namespace serverless to be deleted ...
2025-09-09 16:13:59,131 - root - INFO Waiting for all pods in ksvc measure-web, namespace serverless to be deleted ...
2025-09-09 16:14:01,149 - root - INFO Waiting for all pods in ksvc measure-web, namespace serverless to be deleted ...
2025-09-09 16:14:03,166 - root - INFO Waiting for all pods in ksvc measure-web, namespace serverless to be deleted ...
2025-09-09 16:14:05,184 - root - INFO Waiting for all pods in ksvc measure-web, namespace serverless to be deleted ...
2025-09-09 16:14:07,203 - root - INFO Waiting for all pods in ksvc measure-web, namespace serverless to be deleted ...
2025-09-09 16:14:09,222 - root - INFO Waiting for all pods in ksvc measure-web, namespace serverless to be deleted ...
2025-09-09 16:14:11,239 - root - INFO Waiting for all pods in ksvc measure-web, namespace serverless to be deleted ...
2025-09-09 16:14:13,259 - root - INFO Waiting for all pods in ksvc measure-web, namespace serverless to be deleted ...
2025-09-09 16:14:15,276 - root - INFO Waiting for all pods in ksvc measure-web, namespace serverless to be deleted ...
2025-09-09 16:14:17,294 - root - INFO Waiting for all pods in ksvc measure-web, namespace serverless to be deleted ...
2025-09-09 16:14:19,312 - root - INFO Waiting for all pods in ksvc measure-web, namespace serverless to be deleted ...
2025-09-09 16:14:21,330 - root - INFO Waiting for all pods in ksvc measure-web, namespace serverless to be deleted ...
2025-09-09 16:14:23,347 - root - INFO Waiting for all pods in ksvc measure-web, namespace serverless to be deleted ...
2025-09-09 16:14:25,365 - root - INFO Waiting for all pods in ksvc measure-web, namespace serverless to be deleted ...
2025-09-09 16:14:27,382 - root - INFO Waiting for all pods in ksvc measure-web, namespace serverless to be deleted ...
2025-09-09 16:14:29,398 - root - INFO Waiting for all pods in ksvc measure-web, namespace serverless to be deleted ...
2025-09-09 16:14:31,416 - root - INFO Waiting for all pods in ksvc measure-web, namespace serverless to be deleted ...
2025-09-09 16:14:33,433 - root - INFO Waiting for all pods in ksvc measure-web, namespace serverless to be deleted ...
2025-09-09 16:14:35,450 - root - INFO Waiting for all pods in ksvc measure-web, namespace serverless to be deleted ...
2025-09-09 16:14:37,467 - root - INFO Waiting for all pods in ksvc measure-web, namespace serverless to be deleted ...
2025-09-09 16:14:39,485 - root - INFO Waiting for all pods in ksvc measure-web, namespace serverless to be deleted ...
2025-09-09 16:14:41,503 - root - INFO Waiting for all pods in ksvc measure-web, namespace serverless to be deleted ...
2025-09-09 16:14:43,521 - root - INFO Waiting for all pods in ksvc measure-web, namespace serverless to be deleted ...
2025-09-09 16:14:45,539 - root - INFO Waiting for all pods in ksvc measure-web, namespace serverless to be deleted ...
2025-09-09 16:14:47,556 - root - INFO Waiting for all pods in ksvc measure-web, namespace serverless to be deleted ...
2025-09-09 16:14:49,574 - root - INFO Waiting for all pods in ksvc measure-web, namespace serverless to be deleted ...
2025-09-09 16:14:51,597 - root - INFO Waiting for all pods in ksvc measure-web, namespace serverless to be deleted ...
2025-09-09 16:14:53,615 - root - INFO Waiting for all pods in ksvc measure-web, namespace serverless to be deleted ...
2025-09-09 16:14:55,632 - root - INFO Waiting for all pods in ksvc measure-web, namespace serverless to be deleted ...
2025-09-09 16:14:57,649 - root - INFO Waiting for all pods in ksvc measure-web, namespace serverless to be deleted ...
2025-09-09 16:14:59,666 - root - INFO Waiting for all pods in ksvc measure-web, namespace serverless to be deleted ...
2025-09-09 16:15:01,683 - root - INFO Waiting for all pods in ksvc measure-web, namespace serverless to be deleted ...
2025-09-09 16:15:03,700 - root - INFO Waiting for all pods in ksvc measure-web, namespace serverless to be deleted ...
2025-09-09 16:15:05,718 - root - INFO Waiting for all pods in ksvc measure-web, namespace serverless to be deleted ...
2025-09-09 16:15:07,735 - root - INFO Waiting for all pods in ksvc measure-web, namespace serverless to be deleted ...
2025-09-09 16:15:09,763 - root - INFO Waiting for all pods in ksvc measure-web, namespace serverless to be deleted ...
2025-09-09 16:15:11,781 - root - INFO Waiting for all pods in ksvc measure-web, namespace serverless to be deleted ...
2025-09-09 16:15:13,799 - root - INFO Waiting for all pods in ksvc measure-web, namespace serverless to be deleted ...
2025-09-09 16:15:15,816 - root - INFO Waiting for all pods in ksvc measure-web, namespace serverless to be deleted ...
2025-09-09 16:15:17,834 - root - INFO Waiting for all pods in ksvc measure-web, namespace serverless to be deleted ...
2025-09-09 16:15:19,851 - root - INFO Waiting for all pods in ksvc measure-web, namespace serverless to be deleted ...
2025-09-09 16:15:21,869 - root - INFO Waiting for all pods in ksvc measure-web, namespace serverless to be deleted ...
2025-09-09 16:15:23,886 - root - INFO Waiting for all pods in ksvc measure-web, namespace serverless to be deleted ...
2025-09-09 16:15:25,904 - root - INFO Waiting for all pods in ksvc measure-web, namespace serverless to be deleted ...
2025-09-09 16:15:27,922 - root - INFO Waiting for all pods in ksvc measure-web, namespace serverless to be deleted ...
2025-09-09 16:15:29,940 - root - INFO Waiting for all pods in ksvc measure-web, namespace serverless to be deleted ...
2025-09-09 16:15:31,957 - root - INFO Waiting for all pods in ksvc measure-web, namespace serverless to be deleted ...
2025-09-09 16:15:33,975 - root - INFO Waiting for all pods in ksvc measure-web, namespace serverless to be deleted ...
2025-09-09 16:15:35,992 - root - INFO Waiting for all pods in ksvc measure-web, namespace serverless to be deleted ...
2025-09-09 16:15:38,024 - root - INFO Waiting for all pods in ksvc measure-web, namespace serverless to be deleted ...
2025-09-09 16:15:40,041 - root - INFO Waiting for all pods in ksvc measure-web, namespace serverless to be deleted ...
2025-09-09 16:15:42,058 - root - INFO Waiting for all pods in ksvc measure-web, namespace serverless to be deleted ...
2025-09-09 16:15:44,076 - root - INFO Waiting for all pods in ksvc measure-web, namespace serverless to be deleted ...
2025-09-09 16:15:46,094 - root - INFO Waiting for all pods in ksvc measure-web, namespace serverless to be deleted ...
2025-09-09 16:15:48,111 - root - INFO Waiting for all pods in ksvc measure-web, namespace serverless to be deleted ...
2025-09-09 16:15:50,129 - root - INFO Waiting for all pods in ksvc measure-web, namespace serverless to be deleted ...
2025-09-09 16:15:52,146 - root - INFO Waiting for all pods in ksvc measure-web, namespace serverless to be deleted ...
2025-09-09 16:15:54,164 - root - INFO Waiting for all pods in ksvc measure-web, namespace serverless to be deleted ...
2025-09-09 16:15:56,182 - root - INFO Waiting for all pods in ksvc measure-web, namespace serverless to be deleted ...
2025-09-09 16:15:58,200 - root - INFO Waiting for all pods in ksvc measure-web, namespace serverless to be deleted ...
2025-09-09 16:16:00,217 - root - INFO Waiting for all pods in ksvc measure-web, namespace serverless to be deleted ...
2025-09-09 16:16:02,235 - root - INFO Waiting for all pods in ksvc measure-web, namespace serverless to be deleted ...
2025-09-09 16:16:04,253 - root - INFO Waiting for all pods in ksvc measure-web, namespace serverless to be deleted ...
2025-09-09 16:16:06,271 - root - INFO Waiting for all pods in ksvc measure-web, namespace serverless to be deleted ...
2025-09-09 16:16:08,288 - root - INFO Waiting for all pods in ksvc measure-web, namespace serverless to be deleted ...
2025-09-09 16:16:10,306 - root - INFO Waiting for all pods in ksvc measure-web, namespace serverless to be deleted ...
2025-09-09 16:16:12,323 - root - INFO Waiting for all pods in ksvc measure-web, namespace serverless to be deleted ...
2025-09-09 16:16:14,341 - root - INFO Waiting for all pods in ksvc measure-web, namespace serverless to be deleted ...
2025-09-09 16:16:16,360 - root - INFO Waiting for all pods in ksvc measure-web, namespace serverless to be deleted ...
2025-09-09 16:16:18,377 - root - INFO Waiting for all pods in ksvc measure-web, namespace serverless to be deleted ...
2025-09-09 16:16:20,394 - root - INFO Waiting for all pods in ksvc measure-web, namespace serverless to be deleted ...
2025-09-09 16:16:22,411 - root - INFO Waiting for all pods in ksvc measure-web, namespace serverless to be deleted ...
2025-09-09 16:16:24,428 - root - INFO Waiting for all pods in ksvc measure-web, namespace serverless to be deleted ...
2025-09-09 16:16:26,445 - root - INFO Waiting for all pods in ksvc measure-web, namespace serverless to be deleted ...
2025-09-09 16:16:28,463 - root - INFO Waiting for all pods in ksvc measure-web, namespace serverless to be deleted ...
2025-09-09 16:16:30,480 - root - INFO Waiting for all pods in ksvc measure-web, namespace serverless to be deleted ...
2025-09-09 16:16:32,497 - root - INFO Waiting for all pods in ksvc measure-web, namespace serverless to be deleted ...
2025-09-09 16:16:34,515 - root - INFO Waiting for all pods in ksvc measure-web, namespace serverless to be deleted ...
2025-09-09 16:16:36,532 - root - INFO Waiting for all pods in ksvc measure-web, namespace serverless to be deleted ...
2025-09-09 16:16:38,549 - root - INFO Waiting for all pods in ksvc measure-web, namespace serverless to be deleted ...
2025-09-09 16:16:40,567 - root - INFO Waiting for all pods in ksvc measure-web, namespace serverless to be deleted ...
2025-09-09 16:16:42,584 - root - INFO Waiting for all pods in ksvc measure-web, namespace serverless to be deleted ...
2025-09-09 16:16:44,601 - root - INFO Waiting for all pods in ksvc measure-web, namespace serverless to be deleted ...
2025-09-09 16:16:46,619 - root - INFO Waiting for all pods in ksvc measure-web, namespace serverless to be deleted ...
2025-09-09 16:16:48,636 - root - INFO Waiting for all pods in ksvc measure-web, namespace serverless to be deleted ...
2025-09-09 16:16:50,653 - root - INFO Waiting for all pods in ksvc measure-web, namespace serverless to be deleted ...
2025-09-09 16:16:52,670 - root - INFO Waiting for all pods in ksvc measure-web, namespace serverless to be deleted ...
2025-09-09 16:16:54,688 - root - INFO Waiting for all pods in ksvc measure-web, namespace serverless to be deleted ...
2025-09-09 16:16:56,705 - root - INFO Waiting for all pods in ksvc measure-web, namespace serverless to be deleted ...
2025-09-09 16:16:58,723 - root - INFO Waiting for all pods in ksvc measure-web, namespace serverless to be deleted ...
2025-09-09 16:17:00,741 - root - INFO Waiting for all pods in ksvc measure-web, namespace serverless to be deleted ...
2025-09-09 16:17:02,758 - root - INFO Waiting for all pods in ksvc measure-web, namespace serverless to be deleted ...
2025-09-09 16:17:04,775 - root - INFO Waiting for all pods in ksvc measure-web, namespace serverless to be deleted ...
2025-09-09 16:17:06,793 - root - INFO Waiting for all pods in ksvc measure-web, namespace serverless to be deleted ...
2025-09-09 16:17:08,810 - root - INFO Waiting for all pods in ksvc measure-web, namespace serverless to be deleted ...
2025-09-09 16:17:10,827 - root - INFO Waiting for all pods in ksvc measure-web, namespace serverless to be deleted ...
2025-09-09 16:17:12,845 - root - INFO Waiting for all pods in ksvc measure-web, namespace serverless to be deleted ...
2025-09-09 16:17:14,862 - root - INFO Waiting for all pods in ksvc measure-web, namespace serverless to be deleted ...
2025-09-09 16:17:16,879 - root - INFO Waiting for all pods in ksvc measure-web, namespace serverless to be deleted ...
2025-09-09 16:17:18,896 - root - INFO Waiting for all pods in ksvc measure-web, namespace serverless to be deleted ...
2025-09-09 16:17:20,913 - root - INFO Waiting for all pods in ksvc measure-web, namespace serverless to be deleted ...
2025-09-09 16:17:22,931 - root - INFO Waiting for all pods in ksvc measure-web, namespace serverless to be deleted ...
2025-09-09 16:17:24,950 - root - INFO Waiting for all pods in ksvc measure-web, namespace serverless to be deleted ...
2025-09-09 16:17:26,967 - root - INFO Waiting for all pods in ksvc measure-web, namespace serverless to be deleted ...
2025-09-09 16:17:28,985 - root - INFO Waiting for all pods in ksvc measure-web, namespace serverless to be deleted ...
2025-09-09 16:17:31,002 - root - INFO Waiting for all pods in ksvc measure-web, namespace serverless to be deleted ...
2025-09-09 16:17:33,022 - root - INFO Waiting for all pods in ksvc measure-web, namespace serverless to be deleted ...
2025-09-09 16:17:35,040 - root - INFO Waiting for all pods in ksvc measure-web, namespace serverless to be deleted ...
2025-09-09 16:17:37,057 - root - INFO Waiting for all pods in ksvc measure-web, namespace serverless to be deleted ...
2025-09-09 16:17:39,077 - root - INFO Waiting for all pods in ksvc measure-web, namespace serverless to be deleted ...
2025-09-09 16:17:41,095 - root - INFO Waiting for all pods in ksvc measure-web, namespace serverless to be deleted ...
2025-09-09 16:17:43,106 - root - WARNING No pods found for ksvc 'measure-web'.
2025-09-09 16:17:43,107 - root - INFO Waiting for all pods in ksvc measure-web, namespace serverless to be deleted ...
2025-09-09 16:17:45,107 - root - INFO All pods in ksvc measure-web, namespace serverless successfully deleted from the cluster.
2025-09-09 16:18:05,108 - root - INFO Replicas: 1, Repeat time: 1/1, Instance: cloud-node, CPU req: 500m, Mem req: 256Mi
2025-09-09 16:18:05,108 - root - INFO Ensuring directory exists: 'result/1_2_resource_web/cloud-node'
2025-09-09 16:18:05,109 - root - INFO File ensured: 'result/1_2_resource_web/cloud-node/x86_d9m9y2025_16h11_500mcpu_256Mimem_rep1.csv'
2025-09-09 16:18:05,119 - root - INFO Knative Service 'measure-web' not found. Creating...
2025-09-09 16:18:05,132 - root - INFO Knative Service 'measure-web' created successfully.
2025-09-09 16:18:05,145 - root - WARNING No pods found for ksvc 'measure-web'.
2025-09-09 16:18:05,145 - root - INFO Waiting for pods to be ready ...
2025-09-09 16:18:07,164 - root - INFO All pods ready!
2025-09-09 16:18:27,164 - root - INFO Start query prometheus to get hardware information when running web service
2025-09-09 16:18:27,353 - root - INFO Collecting prometheus metrics ...
2025-09-09 16:18:27,359 - root - INFO Collecting prometheus metrics successfully!
2025-09-09 16:18:27,859 - root - INFO Collecting prometheus metrics ...
2025-09-09 16:18:27,866 - root - INFO Collecting prometheus metrics successfully!
2025-09-09 16:18:28,366 - root - INFO Collecting prometheus metrics ...
2025-09-09 16:18:28,374 - root - INFO Collecting prometheus metrics successfully!
2025-09-09 16:18:28,874 - root - INFO Collecting prometheus metrics ...
2025-09-09 16:18:28,883 - root - INFO Collecting prometheus metrics successfully!
2025-09-09 16:18:29,384 - root - INFO Collecting prometheus metrics ...
2025-09-09 16:18:29,392 - root - INFO Collecting prometheus metrics successfully!
2025-09-09 16:18:29,892 - root - INFO Collecting prometheus metrics ...
2025-09-09 16:18:29,903 - root - INFO Collecting prometheus metrics successfully!
2025-09-09 16:18:30,403 - root - INFO Collecting prometheus metrics ...
2025-09-09 16:18:30,410 - root - INFO Collecting prometheus metrics successfully!
2025-09-09 16:18:30,911 - root - INFO Collecting prometheus metrics ...
2025-09-09 16:18:30,917 - root - INFO Collecting prometheus metrics successfully!
2025-09-09 16:18:31,417 - root - INFO Collecting prometheus metrics ...
2025-09-09 16:18:31,425 - root - INFO Collecting prometheus metrics successfully!
2025-09-09 16:18:31,925 - root - INFO Collecting prometheus metrics ...
2025-09-09 16:18:31,932 - root - INFO Collecting prometheus metrics successfully!
2025-09-09 16:18:32,433 - root - INFO Collecting prometheus metrics ...
2025-09-09 16:18:32,442 - root - INFO Collecting prometheus metrics successfully!
2025-09-09 16:18:32,942 - root - INFO Collecting prometheus metrics ...
2025-09-09 16:18:32,949 - root - INFO Collecting prometheus metrics successfully!
2025-09-09 16:18:33,449 - root - INFO Collecting prometheus metrics ...
2025-09-09 16:18:33,456 - root - INFO Collecting prometheus metrics successfully!
2025-09-09 16:18:33,956 - root - INFO Collecting prometheus metrics ...
2025-09-09 16:18:33,963 - root - INFO Collecting prometheus metrics successfully!
2025-09-09 16:18:34,464 - root - INFO Collecting prometheus metrics ...
2025-09-09 16:18:34,470 - root - INFO Collecting prometheus metrics successfully!
2025-09-09 16:18:34,970 - root - INFO Collecting prometheus metrics ...
2025-09-09 16:18:34,980 - root - INFO Collecting prometheus metrics successfully!
2025-09-09 16:18:35,481 - root - INFO Collecting prometheus metrics ...
2025-09-09 16:18:35,488 - root - INFO Collecting prometheus metrics successfully!
2025-09-09 16:18:35,988 - root - INFO Collecting prometheus metrics ...
2025-09-09 16:18:35,994 - root - INFO Collecting prometheus metrics successfully!
2025-09-09 16:18:36,494 - root - INFO Collecting prometheus metrics ...
2025-09-09 16:18:36,501 - root - INFO Collecting prometheus metrics successfully!
2025-09-09 16:18:37,001 - root - INFO Collecting prometheus metrics ...
2025-09-09 16:18:37,008 - root - INFO Collecting prometheus metrics successfully!
2025-09-09 16:18:37,508 - root - INFO Collecting prometheus metrics ...
2025-09-09 16:18:37,518 - root - INFO Collecting prometheus metrics successfully!
2025-09-09 16:18:38,018 - root - INFO Collecting prometheus metrics ...
2025-09-09 16:18:38,025 - root - INFO Collecting prometheus metrics successfully!
2025-09-09 16:18:38,525 - root - INFO Collecting prometheus metrics ...
2025-09-09 16:18:38,532 - root - INFO Collecting prometheus metrics successfully!
2025-09-09 16:18:39,032 - root - INFO Collecting prometheus metrics ...
2025-09-09 16:18:39,039 - root - INFO Collecting prometheus metrics successfully!
2025-09-09 16:18:39,540 - root - INFO Collecting prometheus metrics ...
2025-09-09 16:18:39,548 - root - INFO Collecting prometheus metrics successfully!
2025-09-09 16:18:40,048 - root - INFO Collecting prometheus metrics ...
2025-09-09 16:18:40,055 - root - INFO Collecting prometheus metrics successfully!
2025-09-09 16:18:40,555 - root - INFO Collecting prometheus metrics ...
2025-09-09 16:18:40,562 - root - INFO Collecting prometheus metrics successfully!
2025-09-09 16:18:41,062 - root - INFO Collecting prometheus metrics ...
2025-09-09 16:18:41,069 - root - INFO Collecting prometheus metrics successfully!
2025-09-09 16:18:41,570 - root - INFO Collecting prometheus metrics ...
2025-09-09 16:18:41,576 - root - INFO Collecting prometheus metrics successfully!
2025-09-09 16:18:42,077 - root - INFO Collecting prometheus metrics ...
2025-09-09 16:18:42,085 - root - INFO Collecting prometheus metrics successfully!
2025-09-09 16:18:42,586 - root - INFO Collecting prometheus metrics ...
2025-09-09 16:18:42,592 - root - INFO Collecting prometheus metrics successfully!
2025-09-09 16:18:43,092 - root - INFO Collecting prometheus metrics ...
2025-09-09 16:18:43,097 - root - INFO Collecting prometheus metrics successfully!
2025-09-09 16:18:43,598 - root - INFO Collecting prometheus metrics ...
2025-09-09 16:18:43,605 - root - INFO Collecting prometheus metrics successfully!
2025-09-09 16:18:44,105 - root - INFO Collecting prometheus metrics ...
2025-09-09 16:18:44,112 - root - INFO Collecting prometheus metrics successfully!
2025-09-09 16:18:44,612 - root - INFO Collecting prometheus metrics ...
2025-09-09 16:18:44,619 - root - INFO Collecting prometheus metrics successfully!
2025-09-09 16:18:45,120 - root - INFO Collecting prometheus metrics ...
2025-09-09 16:18:45,126 - root - INFO Collecting prometheus metrics successfully!
2025-09-09 16:18:45,627 - root - INFO Collecting prometheus metrics ...
2025-09-09 16:18:45,634 - root - INFO Collecting prometheus metrics successfully!
2025-09-09 16:18:46,134 - root - INFO Collecting prometheus metrics ...
2025-09-09 16:18:46,144 - root - INFO Collecting prometheus metrics successfully!
2025-09-09 16:18:46,644 - root - INFO Collecting prometheus metrics ...
2025-09-09 16:18:46,653 - root - INFO Collecting prometheus metrics successfully!
2025-09-09 16:18:47,154 - root - INFO Collecting prometheus metrics ...
2025-09-09 16:18:47,160 - root - INFO Collecting prometheus metrics successfully!
2025-09-09 16:18:47,661 - root - INFO Collecting prometheus metrics ...
2025-09-09 16:18:47,668 - root - INFO Collecting prometheus metrics successfully!
2025-09-09 16:18:48,169 - root - INFO Collecting prometheus metrics ...
2025-09-09 16:18:48,175 - root - INFO Collecting prometheus metrics successfully!
2025-09-09 16:18:48,676 - root - INFO Collecting prometheus metrics ...
2025-09-09 16:18:48,682 - root - INFO Collecting prometheus metrics successfully!
2025-09-09 16:18:49,183 - root - INFO Collecting prometheus metrics ...
2025-09-09 16:18:49,191 - root - INFO Collecting prometheus metrics successfully!
2025-09-09 16:18:49,692 - root - INFO Collecting prometheus metrics ...
2025-09-09 16:18:49,697 - root - INFO Collecting prometheus metrics successfully!
2025-09-09 16:18:50,198 - root - INFO Collecting prometheus metrics ...
2025-09-09 16:18:50,203 - root - INFO Collecting prometheus metrics successfully!
2025-09-09 16:18:50,704 - root - INFO Collecting prometheus metrics ...
2025-09-09 16:18:50,710 - root - INFO Collecting prometheus metrics successfully!
2025-09-09 16:18:51,211 - root - INFO Collecting prometheus metrics ...
2025-09-09 16:18:51,219 - root - INFO Collecting prometheus metrics successfully!
2025-09-09 16:18:51,720 - root - INFO Collecting prometheus metrics ...
2025-09-09 16:18:51,727 - root - INFO Collecting prometheus metrics successfully!
2025-09-09 16:18:52,227 - root - INFO Collecting prometheus metrics ...
2025-09-09 16:18:52,234 - root - INFO Collecting prometheus metrics successfully!
2025-09-09 16:18:52,734 - root - INFO Collecting prometheus metrics ...
2025-09-09 16:18:52,740 - root - INFO Collecting prometheus metrics successfully!
2025-09-09 16:18:53,241 - root - INFO Collecting prometheus metrics ...
2025-09-09 16:18:53,250 - root - INFO Collecting prometheus metrics successfully!
2025-09-09 16:18:53,751 - root - INFO Collecting prometheus metrics ...
2025-09-09 16:18:53,757 - root - INFO Collecting prometheus metrics successfully!
2025-09-09 16:18:54,258 - root - INFO Collecting prometheus metrics ...
2025-09-09 16:18:54,264 - root - INFO Collecting prometheus metrics successfully!
2025-09-09 16:18:54,765 - root - INFO Collecting prometheus metrics ...
2025-09-09 16:18:54,771 - root - INFO Collecting prometheus metrics successfully!
2025-09-09 16:18:55,271 - root - INFO Collecting prometheus metrics ...
2025-09-09 16:18:55,278 - root - INFO Collecting prometheus metrics successfully!
2025-09-09 16:18:55,778 - root - INFO Collecting prometheus metrics ...
2025-09-09 16:18:55,788 - root - INFO Collecting prometheus metrics successfully!
2025-09-09 16:18:56,289 - root - INFO Collecting prometheus metrics ...
2025-09-09 16:18:56,295 - root - INFO Collecting prometheus metrics successfully!
2025-09-09 16:18:56,796 - root - INFO Collecting prometheus metrics ...
2025-09-09 16:18:56,802 - root - INFO Collecting prometheus metrics successfully!
2025-09-09 16:18:57,303 - root - INFO Start plot hardware usage of web service
2025-09-09 16:18:57,560 - root - INFO End query prometheus to get hardware information when running streaming serviced
2025-09-09 16:18:57,564 - root - INFO Attempting to delete Knative Service 'measure-web' in namespace 'serverless'...
2025-09-09 16:18:57,576 - root - INFO service.serving.knative.dev 'measure-web' deleted
2025-09-09 16:18:57,597 - root - INFO Waiting for all pods in ksvc measure-web, namespace serverless to be deleted ...
2025-09-09 16:18:59,615 - root - INFO Waiting for all pods in ksvc measure-web, namespace serverless to be deleted ...
2025-09-09 16:19:01,633 - root - INFO Waiting for all pods in ksvc measure-web, namespace serverless to be deleted ...
2025-09-09 16:19:03,650 - root - INFO Waiting for all pods in ksvc measure-web, namespace serverless to be deleted ...
2025-09-09 16:19:05,669 - root - INFO Waiting for all pods in ksvc measure-web, namespace serverless to be deleted ...
2025-09-09 16:19:07,686 - root - INFO Waiting for all pods in ksvc measure-web, namespace serverless to be deleted ...
2025-09-09 16:19:09,703 - root - INFO Waiting for all pods in ksvc measure-web, namespace serverless to be deleted ...
2025-09-09 16:19:11,727 - root - INFO Waiting for all pods in ksvc measure-web, namespace serverless to be deleted ...
2025-09-09 16:19:13,744 - root - INFO Waiting for all pods in ksvc measure-web, namespace serverless to be deleted ...
2025-09-09 16:19:15,761 - root - INFO Waiting for all pods in ksvc measure-web, namespace serverless to be deleted ...
2025-09-09 16:19:17,787 - root - INFO Waiting for all pods in ksvc measure-web, namespace serverless to be deleted ...
2025-09-09 16:19:19,813 - root - INFO Waiting for all pods in ksvc measure-web, namespace serverless to be deleted ...
2025-09-09 16:19:21,832 - root - INFO Waiting for all pods in ksvc measure-web, namespace serverless to be deleted ...
2025-09-09 16:19:23,858 - root - INFO Waiting for all pods in ksvc measure-web, namespace serverless to be deleted ...
2025-09-09 16:19:25,889 - root - INFO Waiting for all pods in ksvc measure-web, namespace serverless to be deleted ...
2025-09-09 16:19:27,919 - root - INFO Waiting for all pods in ksvc measure-web, namespace serverless to be deleted ...
2025-09-09 16:19:29,940 - root - INFO Waiting for all pods in ksvc measure-web, namespace serverless to be deleted ...
2025-09-09 16:19:31,958 - root - INFO Waiting for all pods in ksvc measure-web, namespace serverless to be deleted ...
2025-09-09 16:19:33,975 - root - INFO Waiting for all pods in ksvc measure-web, namespace serverless to be deleted ...
2025-09-09 16:19:35,993 - root - INFO Waiting for all pods in ksvc measure-web, namespace serverless to be deleted ...
2025-09-09 16:19:38,011 - root - INFO Waiting for all pods in ksvc measure-web, namespace serverless to be deleted ...
2025-09-09 16:19:40,029 - root - INFO Waiting for all pods in ksvc measure-web, namespace serverless to be deleted ...
2025-09-09 16:19:42,046 - root - INFO Waiting for all pods in ksvc measure-web, namespace serverless to be deleted ...
2025-09-09 16:19:44,064 - root - INFO Waiting for all pods in ksvc measure-web, namespace serverless to be deleted ...
2025-09-09 16:19:46,082 - root - INFO Waiting for all pods in ksvc measure-web, namespace serverless to be deleted ...
2025-09-09 16:19:48,099 - root - INFO Waiting for all pods in ksvc measure-web, namespace serverless to be deleted ...
2025-09-09 16:19:50,118 - root - INFO Waiting for all pods in ksvc measure-web, namespace serverless to be deleted ...
2025-09-09 16:19:52,135 - root - INFO Waiting for all pods in ksvc measure-web, namespace serverless to be deleted ...
2025-09-09 16:19:54,154 - root - INFO Waiting for all pods in ksvc measure-web, namespace serverless to be deleted ...
2025-09-09 16:19:56,172 - root - INFO Waiting for all pods in ksvc measure-web, namespace serverless to be deleted ...
2025-09-09 16:19:58,191 - root - INFO Waiting for all pods in ksvc measure-web, namespace serverless to be deleted ...
2025-09-09 16:20:00,209 - root - INFO Waiting for all pods in ksvc measure-web, namespace serverless to be deleted ...
2025-09-09 16:20:02,226 - root - INFO Waiting for all pods in ksvc measure-web, namespace serverless to be deleted ...
2025-09-09 16:20:04,243 - root - INFO Waiting for all pods in ksvc measure-web, namespace serverless to be deleted ...
2025-09-09 16:20:06,261 - root - INFO Waiting for all pods in ksvc measure-web, namespace serverless to be deleted ...
2025-09-09 16:20:08,277 - root - INFO Waiting for all pods in ksvc measure-web, namespace serverless to be deleted ...
2025-09-09 16:20:10,295 - root - INFO Waiting for all pods in ksvc measure-web, namespace serverless to be deleted ...
2025-09-09 16:20:12,312 - root - INFO Waiting for all pods in ksvc measure-web, namespace serverless to be deleted ...
2025-09-09 16:20:14,330 - root - INFO Waiting for all pods in ksvc measure-web, namespace serverless to be deleted ...
2025-09-09 16:20:16,348 - root - INFO Waiting for all pods in ksvc measure-web, namespace serverless to be deleted ...
2025-09-09 16:20:18,366 - root - INFO Waiting for all pods in ksvc measure-web, namespace serverless to be deleted ...
2025-09-09 16:20:20,384 - root - INFO Waiting for all pods in ksvc measure-web, namespace serverless to be deleted ...
2025-09-09 16:20:22,401 - root - INFO Waiting for all pods in ksvc measure-web, namespace serverless to be deleted ...
2025-09-09 16:20:24,419 - root - INFO Waiting for all pods in ksvc measure-web, namespace serverless to be deleted ...
2025-09-09 16:20:26,436 - root - INFO Waiting for all pods in ksvc measure-web, namespace serverless to be deleted ...
2025-09-09 16:20:28,456 - root - INFO Waiting for all pods in ksvc measure-web, namespace serverless to be deleted ...
2025-09-09 16:20:30,474 - root - INFO Waiting for all pods in ksvc measure-web, namespace serverless to be deleted ...
2025-09-09 16:20:32,491 - root - INFO Waiting for all pods in ksvc measure-web, namespace serverless to be deleted ...
2025-09-09 16:20:34,509 - root - INFO Waiting for all pods in ksvc measure-web, namespace serverless to be deleted ...
2025-09-09 16:20:36,527 - root - INFO Waiting for all pods in ksvc measure-web, namespace serverless to be deleted ...
2025-09-09 16:20:38,545 - root - INFO Waiting for all pods in ksvc measure-web, namespace serverless to be deleted ...
2025-09-09 16:20:40,563 - root - INFO Waiting for all pods in ksvc measure-web, namespace serverless to be deleted ...
2025-09-09 16:20:42,581 - root - INFO Waiting for all pods in ksvc measure-web, namespace serverless to be deleted ...
2025-09-09 16:20:44,598 - root - INFO Waiting for all pods in ksvc measure-web, namespace serverless to be deleted ...
2025-09-09 16:20:46,617 - root - INFO Waiting for all pods in ksvc measure-web, namespace serverless to be deleted ...
2025-09-09 16:20:48,635 - root - INFO Waiting for all pods in ksvc measure-web, namespace serverless to be deleted ...
2025-09-09 16:20:50,652 - root - INFO Waiting for all pods in ksvc measure-web, namespace serverless to be deleted ...
2025-09-09 16:20:52,670 - root - INFO Waiting for all pods in ksvc measure-web, namespace serverless to be deleted ...
2025-09-09 16:20:54,687 - root - INFO Waiting for all pods in ksvc measure-web, namespace serverless to be deleted ...
2025-09-09 16:20:56,704 - root - INFO Waiting for all pods in ksvc measure-web, namespace serverless to be deleted ...
2025-09-09 16:20:58,723 - root - INFO Waiting for all pods in ksvc measure-web, namespace serverless to be deleted ...
2025-09-09 16:21:00,741 - root - INFO Waiting for all pods in ksvc measure-web, namespace serverless to be deleted ...
2025-09-09 16:21:02,758 - root - INFO Waiting for all pods in ksvc measure-web, namespace serverless to be deleted ...
2025-09-09 16:21:04,776 - root - INFO Waiting for all pods in ksvc measure-web, namespace serverless to be deleted ...
2025-09-09 16:21:06,794 - root - INFO Waiting for all pods in ksvc measure-web, namespace serverless to be deleted ...
2025-09-09 16:21:08,811 - root - INFO Waiting for all pods in ksvc measure-web, namespace serverless to be deleted ...
2025-09-09 16:21:10,829 - root - INFO Waiting for all pods in ksvc measure-web, namespace serverless to be deleted ...
2025-09-09 16:21:12,847 - root - INFO Waiting for all pods in ksvc measure-web, namespace serverless to be deleted ...
2025-09-09 16:21:14,864 - root - INFO Waiting for all pods in ksvc measure-web, namespace serverless to be deleted ...
2025-09-09 16:21:16,884 - root - INFO Waiting for all pods in ksvc measure-web, namespace serverless to be deleted ...
2025-09-09 16:21:18,901 - root - INFO Waiting for all pods in ksvc measure-web, namespace serverless to be deleted ...
2025-09-09 16:21:20,918 - root - INFO Waiting for all pods in ksvc measure-web, namespace serverless to be deleted ...
2025-09-09 16:21:22,936 - root - INFO Waiting for all pods in ksvc measure-web, namespace serverless to be deleted ...
2025-09-09 16:21:24,954 - root - INFO Waiting for all pods in ksvc measure-web, namespace serverless to be deleted ...
2025-09-09 16:21:26,971 - root - INFO Waiting for all pods in ksvc measure-web, namespace serverless to be deleted ...
2025-09-09 16:21:28,989 - root - INFO Waiting for all pods in ksvc measure-web, namespace serverless to be deleted ...
2025-09-09 16:21:31,007 - root - INFO Waiting for all pods in ksvc measure-web, namespace serverless to be deleted ...
2025-09-09 16:21:33,027 - root - INFO Waiting for all pods in ksvc measure-web, namespace serverless to be deleted ...
2025-09-09 16:21:35,049 - root - INFO Waiting for all pods in ksvc measure-web, namespace serverless to be deleted ...
2025-09-09 16:21:37,072 - root - INFO Waiting for all pods in ksvc measure-web, namespace serverless to be deleted ...
2025-09-09 16:21:39,098 - root - INFO Waiting for all pods in ksvc measure-web, namespace serverless to be deleted ...
2025-09-09 16:21:41,118 - root - INFO Waiting for all pods in ksvc measure-web, namespace serverless to be deleted ...
2025-09-09 16:21:43,139 - root - INFO Waiting for all pods in ksvc measure-web, namespace serverless to be deleted ...
2025-09-09 16:21:45,158 - root - INFO Waiting for all pods in ksvc measure-web, namespace serverless to be deleted ...
2025-09-09 16:21:47,178 - root - INFO Waiting for all pods in ksvc measure-web, namespace serverless to be deleted ...
2025-09-09 16:21:49,197 - root - INFO Waiting for all pods in ksvc measure-web, namespace serverless to be deleted ...
2025-09-09 16:21:51,217 - root - INFO Waiting for all pods in ksvc measure-web, namespace serverless to be deleted ...
2025-09-09 16:21:53,236 - root - INFO Waiting for all pods in ksvc measure-web, namespace serverless to be deleted ...
2025-09-09 16:21:55,257 - root - INFO Waiting for all pods in ksvc measure-web, namespace serverless to be deleted ...
2025-09-09 16:21:57,276 - root - INFO Waiting for all pods in ksvc measure-web, namespace serverless to be deleted ...
2025-09-09 16:21:59,299 - root - INFO Waiting for all pods in ksvc measure-web, namespace serverless to be deleted ...
2025-09-09 16:22:01,319 - root - INFO Waiting for all pods in ksvc measure-web, namespace serverless to be deleted ...
2025-09-09 16:22:03,340 - root - INFO Waiting for all pods in ksvc measure-web, namespace serverless to be deleted ...
2025-09-09 16:22:05,359 - root - INFO Waiting for all pods in ksvc measure-web, namespace serverless to be deleted ...
2025-09-09 16:22:07,381 - root - INFO Waiting for all pods in ksvc measure-web, namespace serverless to be deleted ...
2025-09-09 16:22:09,401 - root - INFO Waiting for all pods in ksvc measure-web, namespace serverless to be deleted ...
2025-09-09 16:22:11,421 - root - INFO Waiting for all pods in ksvc measure-web, namespace serverless to be deleted ...
2025-09-09 16:22:13,441 - root - INFO Waiting for all pods in ksvc measure-web, namespace serverless to be deleted ...
2025-09-09 16:22:15,462 - root - INFO Waiting for all pods in ksvc measure-web, namespace serverless to be deleted ...
2025-09-09 16:22:17,481 - root - INFO Waiting for all pods in ksvc measure-web, namespace serverless to be deleted ...
2025-09-09 16:22:19,502 - root - INFO Waiting for all pods in ksvc measure-web, namespace serverless to be deleted ...
2025-09-09 16:22:21,521 - root - INFO Waiting for all pods in ksvc measure-web, namespace serverless to be deleted ...
2025-09-09 16:22:23,542 - root - INFO Waiting for all pods in ksvc measure-web, namespace serverless to be deleted ...
2025-09-09 16:22:25,563 - root - INFO Waiting for all pods in ksvc measure-web, namespace serverless to be deleted ...
2025-09-09 16:22:27,583 - root - INFO Waiting for all pods in ksvc measure-web, namespace serverless to be deleted ...
2025-09-09 16:22:29,603 - root - INFO Waiting for all pods in ksvc measure-web, namespace serverless to be deleted ...
2025-09-09 16:22:31,625 - root - INFO Waiting for all pods in ksvc measure-web, namespace serverless to be deleted ...
2025-09-09 16:22:33,644 - root - INFO Waiting for all pods in ksvc measure-web, namespace serverless to be deleted ...
2025-09-09 16:22:35,665 - root - INFO Waiting for all pods in ksvc measure-web, namespace serverless to be deleted ...
2025-09-09 16:22:37,684 - root - INFO Waiting for all pods in ksvc measure-web, namespace serverless to be deleted ...
2025-09-09 16:22:39,704 - root - INFO Waiting for all pods in ksvc measure-web, namespace serverless to be deleted ...
2025-09-09 16:22:41,724 - root - INFO Waiting for all pods in ksvc measure-web, namespace serverless to be deleted ...
2025-09-09 16:22:43,743 - root - INFO Waiting for all pods in ksvc measure-web, namespace serverless to be deleted ...
2025-09-09 16:22:45,763 - root - INFO Waiting for all pods in ksvc measure-web, namespace serverless to be deleted ...
2025-09-09 16:22:47,783 - root - INFO Waiting for all pods in ksvc measure-web, namespace serverless to be deleted ...
2025-09-09 16:22:49,803 - root - INFO Waiting for all pods in ksvc measure-web, namespace serverless to be deleted ...
2025-09-09 16:22:51,823 - root - INFO Waiting for all pods in ksvc measure-web, namespace serverless to be deleted ...
2025-09-09 16:22:53,842 - root - INFO Waiting for all pods in ksvc measure-web, namespace serverless to be deleted ...
2025-09-09 16:22:55,862 - root - INFO Waiting for all pods in ksvc measure-web, namespace serverless to be deleted ...
2025-09-09 16:22:57,881 - root - INFO Waiting for all pods in ksvc measure-web, namespace serverless to be deleted ...
2025-09-09 16:22:59,902 - root - INFO Waiting for all pods in ksvc measure-web, namespace serverless to be deleted ...
2025-09-09 16:23:01,921 - root - INFO Waiting for all pods in ksvc measure-web, namespace serverless to be deleted ...
2025-09-09 16:23:03,941 - root - INFO Waiting for all pods in ksvc measure-web, namespace serverless to be deleted ...
2025-09-09 16:23:05,961 - root - INFO Waiting for all pods in ksvc measure-web, namespace serverless to be deleted ...
2025-09-09 16:23:07,994 - root - INFO Waiting for all pods in ksvc measure-web, namespace serverless to be deleted ...
2025-09-09 16:23:10,015 - root - INFO Waiting for all pods in ksvc measure-web, namespace serverless to be deleted ...
2025-09-09 16:23:12,036 - root - INFO Waiting for all pods in ksvc measure-web, namespace serverless to be deleted ...
2025-09-09 16:23:14,056 - root - INFO Waiting for all pods in ksvc measure-web, namespace serverless to be deleted ...
2025-09-09 16:23:16,076 - root - INFO Waiting for all pods in ksvc measure-web, namespace serverless to be deleted ...
2025-09-09 16:23:18,098 - root - INFO Waiting for all pods in ksvc measure-web, namespace serverless to be deleted ...
2025-09-09 16:23:20,118 - root - INFO Waiting for all pods in ksvc measure-web, namespace serverless to be deleted ...
2025-09-09 16:23:22,138 - root - INFO Waiting for all pods in ksvc measure-web, namespace serverless to be deleted ...
2025-09-09 16:23:24,158 - root - INFO Waiting for all pods in ksvc measure-web, namespace serverless to be deleted ...
2025-09-09 16:23:26,178 - root - INFO Waiting for all pods in ksvc measure-web, namespace serverless to be deleted ...
2025-09-09 16:23:28,198 - root - INFO Waiting for all pods in ksvc measure-web, namespace serverless to be deleted ...
2025-09-09 16:23:30,219 - root - INFO Waiting for all pods in ksvc measure-web, namespace serverless to be deleted ...
2025-09-09 16:23:32,238 - root - INFO Waiting for all pods in ksvc measure-web, namespace serverless to be deleted ...
2025-09-09 16:23:34,258 - root - INFO Waiting for all pods in ksvc measure-web, namespace serverless to be deleted ...
2025-09-09 16:23:36,278 - root - INFO Waiting for all pods in ksvc measure-web, namespace serverless to be deleted ...
2025-09-09 16:23:38,297 - root - INFO Waiting for all pods in ksvc measure-web, namespace serverless to be deleted ...
2025-09-09 16:23:40,317 - root - INFO Waiting for all pods in ksvc measure-web, namespace serverless to be deleted ...
2025-09-09 16:23:42,336 - root - INFO Waiting for all pods in ksvc measure-web, namespace serverless to be deleted ...
2025-09-09 16:23:44,356 - root - INFO Waiting for all pods in ksvc measure-web, namespace serverless to be deleted ...
2025-09-09 16:23:46,377 - root - INFO Waiting for all pods in ksvc measure-web, namespace serverless to be deleted ...
2025-09-09 16:23:48,397 - root - INFO Waiting for all pods in ksvc measure-web, namespace serverless to be deleted ...
2025-09-09 16:23:50,416 - root - INFO Waiting for all pods in ksvc measure-web, namespace serverless to be deleted ...
2025-09-09 16:23:52,437 - root - INFO Waiting for all pods in ksvc measure-web, namespace serverless to be deleted ...
2025-09-09 16:23:54,457 - root - INFO Waiting for all pods in ksvc measure-web, namespace serverless to be deleted ...
2025-09-09 16:23:56,476 - root - INFO Waiting for all pods in ksvc measure-web, namespace serverless to be deleted ...
2025-09-09 16:23:58,499 - root - INFO Waiting for all pods in ksvc measure-web, namespace serverless to be deleted ...
2025-09-09 16:24:00,513 - root - WARNING No pods found for ksvc 'measure-web'.
2025-09-09 16:24:00,514 - root - INFO Waiting for all pods in ksvc measure-web, namespace serverless to be deleted ...
2025-09-09 16:24:02,514 - root - INFO All pods in ksvc measure-web, namespace serverless successfully deleted from the cluster.
2025-09-09 16:24:22,515 - root - INFO End sceanario: Collecting CPU/RAM usage when pod in warm status
2025-09-09 16:24:22,515 - root - INFO Measurement successfully, took 0:12:37.082931
